<?xml version="1.0" encoding="UTF-8"?>
<!-- Generated by org.testng.reporters.JUnitReportReporter -->
<testsuite hostname="LD4301-ABENAW" name="ca.on.oicr.pde.workflows.WorkflowClientTest" tests="1" failures="0" timestamp="22 Jun 2018 13:27:35 GMT" time="9.871" errors="0">
  <testcase name="validateRegressionTestDefinition" time="9.871" classname="ca.on.oicr.pde.workflows.WorkflowClientTest"/>
</testsuite> <!-- ca.on.oicr.pde.workflows.WorkflowClientTest -->
