<?xml version="1.0" encoding="UTF-8"?>
<!-- Generated by org.testng.reporters.JUnitReportReporter -->
<testsuite hostname="LD4301-ABENAW" name="ca.on.oicr.pde.workflows.WorkflowClientTest" tests="1" failures="0" timestamp="20 Jun 2018 20:42:53 GMT" time="11.823" errors="0">
  <testcase name="validateRegressionTestDefinition" time="11.823" classname="ca.on.oicr.pde.workflows.WorkflowClientTest"/>
</testsuite> <!-- ca.on.oicr.pde.workflows.WorkflowClientTest -->
